<?xml version="1.0" encoding="UTF-8"?>
<!-- Generated by org.testng.reporters.JUnitReportReporter -->
<testsuite skipped="0" hostname="MANNAT" name="com.FevTutor.test.InvalidLogin" tests="1" failures="0" timestamp="08 Mar 2018 08:58:10 GMT" time="30.790" errors="0">
  <testcase name="testInvalidLogin" time="30.790" classname="com.FevTutor.test.InvalidLogin"/>
</testsuite> <!-- com.FevTutor.test.InvalidLogin -->
