<?xml version="1.0" encoding="UTF-8"?>
<!-- Generated by org.testng.reporters.JUnitReportReporter -->
<testsuite skipped="0" hostname="MANNAT" name="com.FevTutor.test.ValidLogin" tests="1" failures="0" timestamp="08 Mar 2018 08:58:10 GMT" time="68.907" errors="0">
  <testcase name="testValidLogin" time="68.907" classname="com.FevTutor.test.ValidLogin"/>
</testsuite> <!-- com.FevTutor.test.ValidLogin -->
